This is pdfTeX, Version 3.14159265-2.6-1.40.21 (TeX Live 2020/W32TeX) (preloaded format=pdflatex 2020.10.12)  12 OCT 2020 12:55
entering extended mode
 restricted \write18 enabled.
 %&-line parsing enabled.
**_main.tex
(./_main.tex
LaTeX2e <2020-10-01> patch level 1
L3 programming layer <2020-10-05> xparse <2020-03-03> (c:/Users/u0095171/AppDat
a/Roaming/TinyTeX/texmf-dist/tex/latex/base/book.cls
Document Class: book 2020/04/10 v1.4m Standard LaTeX document class
(c:/Users/u0095171/AppData/Roaming/TinyTeX/texmf-dist/tex/latex/base/bk10.clo
File: bk10.clo 2020/04/10 v1.4m Standard LaTeX file (size option)
)
\c@part=\count175
\c@chapter=\count176
\c@section=\count177
\c@subsection=\count178
\c@subsubsection=\count179
\c@paragraph=\count180
\c@subparagraph=\count181
\c@figure=\count182
\c@table=\count183
\abovecaptionskip=\skip47
\belowcaptionskip=\skip48
\bibindent=\dimen138
) (c:/Users/u0095171/AppData/Roaming/TinyTeX/texmf-dist/tex/latex/lm/lmodern.st
y
Package: lmodern 2009/10/30 v1.6 Latin Modern Fonts
LaTeX Font Info:    Overwriting symbol font `operators' in version `normal'
(Font)                  OT1/cmr/m/n --> OT1/lmr/m/n on input line 22.
LaTeX Font Info:    Overwriting symbol font `letters' in version `normal'
(Font)                  OML/cmm/m/it --> OML/lmm/m/it on input line 23.
LaTeX Font Info:    Overwriting symbol font `symbols' in version `normal'
(Font)                  OMS/cmsy/m/n --> OMS/lmsy/m/n on input line 24.
LaTeX Font Info:    Overwriting symbol font `largesymbols' in version `normal'
(Font)                  OMX/cmex/m/n --> OMX/lmex/m/n on input line 25.
LaTeX Font Info:    Overwriting symbol font `operators' in version `bold'
(Font)                  OT1/cmr/bx/n --> OT1/lmr/bx/n on input line 26.
LaTeX Font Info:    Overwriting symbol font `letters' in version `bold'
(Font)                  OML/cmm/b/it --> OML/lmm/b/it on input line 27.
LaTeX Font Info:    Overwriting symbol font `symbols' in version `bold'
(Font)                  OMS/cmsy/b/n --> OMS/lmsy/b/n on input line 28.
LaTeX Font Info:    Overwriting symbol font `largesymbols' in version `bold'
(Font)                  OMX/cmex/m/n --> OMX/lmex/m/n on input line 29.
LaTeX Font Info:    Overwriting math alphabet `\mathbf' in version `normal'
(Font)                  OT1/cmr/bx/n --> OT1/lmr/bx/n on input line 31.
LaTeX Font Info:    Overwriting math alphabet `\mathsf' in version `normal'
(Font)                  OT1/cmss/m/n --> OT1/lmss/m/n on input line 32.
LaTeX Font Info:    Overwriting math alphabet `\mathit' in version `normal'
(Font)                  OT1/cmr/m/it --> OT1/lmr/m/it on input line 33.
LaTeX Font Info:    Overwriting math alphabet `\mathtt' in version `normal'
(Font)                  OT1/cmtt/m/n --> OT1/lmtt/m/n on input line 34.
LaTeX Font Info:    Overwriting math alphabet `\mathbf' in version `bold'
(Font)                  OT1/cmr/bx/n --> OT1/lmr/bx/n on input line 35.
LaTeX Font Info:    Overwriting math alphabet `\mathsf' in version `bold'
(Font)                  OT1/cmss/bx/n --> OT1/lmss/bx/n on input line 36.
LaTeX Font Info:    Overwriting math alphabet `\mathit' in version `bold'
(Font)                  OT1/cmr/bx/it --> OT1/lmr/bx/it on input line 37.
LaTeX Font Info:    Overwriting math alphabet `\mathtt' in version `bold'
(Font)                  OT1/cmtt/m/n --> OT1/lmtt/m/n on input line 38.
)
(c:/Users/u0095171/AppData/Roaming/TinyTeX/texmf-dist/tex/latex/amsfonts/amssym
b.sty
Package: amssymb 2013/01/14 v3.01 AMS font symbols

(c:/Users/u0095171/AppData/Roaming/TinyTeX/texmf-dist/tex/latex/amsfonts/amsfon
ts.sty
Package: amsfonts 2013/01/14 v3.01 Basic AMSFonts support
\@emptytoks=\toks15
\symAMSa=\mathgroup4
\symAMSb=\mathgroup5
LaTeX Font Info:    Redeclaring math symbol \hbar on input line 98.
LaTeX Font Info:    Overwriting math alphabet `\mathfrak' in version `bold'
(Font)                  U/euf/m/n --> U/euf/b/n on input line 106.
))
(c:/Users/u0095171/AppData/Roaming/TinyTeX/texmf-dist/tex/latex/amsmath/amsmath
.sty
Package: amsmath 2020/09/23 v2.17i AMS math features
\@mathmargin=\skip49
For additional information on amsmath, use the `?' option.

(c:/Users/u0095171/AppData/Roaming/TinyTeX/texmf-dist/tex/latex/amsmath/amstext
.sty
Package: amstext 2000/06/29 v2.01 AMS text

(c:/Users/u0095171/AppData/Roaming/TinyTeX/texmf-dist/tex/latex/amsmath/amsgen.
sty
File: amsgen.sty 1999/11/30 v2.0 generic functions
\@emptytoks=\toks16
\ex@=\dimen139
))
(c:/Users/u0095171/AppData/Roaming/TinyTeX/texmf-dist/tex/latex/amsmath/amsbsy.
sty
Package: amsbsy 1999/11/29 v1.2d Bold Symbols
\pmbraise@=\dimen140
)
(c:/Users/u0095171/AppData/Roaming/TinyTeX/texmf-dist/tex/latex/amsmath/amsopn.
sty
Package: amsopn 2016/03/08 v2.02 operator names
)
\inf@bad=\count184
LaTeX Info: Redefining \frac on input line 234.
\uproot@=\count185
\leftroot@=\count186
LaTeX Info: Redefining \overline on input line 399.
\classnum@=\count187
\DOTSCASE@=\count188
LaTeX Info: Redefining \ldots on input line 496.
LaTeX Info: Redefining \dots on input line 499.
LaTeX Info: Redefining \cdots on input line 620.
\Mathstrutbox@=\box47
\strutbox@=\box48
\big@size=\dimen141
LaTeX Font Info:    Redeclaring font encoding OML on input line 743.
LaTeX Font Info:    Redeclaring font encoding OMS on input line 744.
\macc@depth=\count189
\c@MaxMatrixCols=\count190
\dotsspace@=\muskip16
\c@parentequation=\count191
\dspbrk@lvl=\count192
\tag@help=\toks17
\row@=\count193
\column@=\count194
\maxfields@=\count195
\andhelp@=\toks18
\eqnshift@=\dimen142
\alignsep@=\dimen143
\tagshift@=\dimen144
\tagwidth@=\dimen145
\totwidth@=\dimen146
\lineht@=\dimen147
\@envbody=\toks19
\multlinegap=\skip50
\multlinetaggap=\skip51
\mathdisplay@stack=\toks20
LaTeX Info: Redefining \[ on input line 2923.
LaTeX Info: Redefining \] on input line 2924.
)
(c:/Users/u0095171/AppData/Roaming/TinyTeX/texmf-dist/tex/generic/iftex/ifxetex
.sty
Package: ifxetex 2019/10/25 v0.7 ifxetex legacy package. Use iftex instead.

(c:/Users/u0095171/AppData/Roaming/TinyTeX/texmf-dist/tex/generic/iftex/iftex.s
ty
Package: iftex 2020/03/06 v1.0d TeX engine tests
))
(c:/Users/u0095171/AppData/Roaming/TinyTeX/texmf-dist/tex/generic/iftex/ifluate
x.sty
Package: ifluatex 2019/10/25 v1.5 ifluatex legacy package. Use iftex instead.
)
(c:/Users/u0095171/AppData/Roaming/TinyTeX/texmf-dist/tex/latex/base/fontenc.st
y
Package: fontenc 2020/08/10 v2.0s Standard LaTeX package
LaTeX Font Info:    Trying to load font information for T1+lmr on input line 11
2.
(c:/Users/u0095171/AppData/Roaming/TinyTeX/texmf-dist/tex/latex/lm/t1lmr.fd
File: t1lmr.fd 2009/10/30 v1.6 Font defs for Latin Modern
))
(c:/Users/u0095171/AppData/Roaming/TinyTeX/texmf-dist/tex/latex/base/inputenc.s
ty
Package: inputenc 2020/08/01 v1.3d Input encoding file
\inpenc@prehook=\toks21
\inpenc@posthook=\toks22
)
(c:/Users/u0095171/AppData/Roaming/TinyTeX/texmf-dist/tex/latex/base/textcomp.s
ty
Package: textcomp 2020/02/02 v2.0n Standard LaTeX package
)
(c:/Users/u0095171/AppData/Roaming/TinyTeX/texmf-dist/tex/latex/microtype/micro
type.sty
Package: microtype 2019/11/18 v2.7d Micro-typographical refinements (RS)

(c:/Users/u0095171/AppData/Roaming/TinyTeX/texmf-dist/tex/latex/graphics/keyval
.sty
Package: keyval 2014/10/28 v1.15 key=value parser (DPC)
\KV@toks@=\toks23
)
\MT@toks=\toks24
\MT@count=\count196
LaTeX Info: Redefining \textls on input line 790.
\MT@outer@kern=\dimen148
LaTeX Info: Redefining \textmicrotypecontext on input line 1354.
\MT@listname@count=\count197

(c:/Users/u0095171/AppData/Roaming/TinyTeX/texmf-dist/tex/latex/microtype/micro
type-pdftex.def
File: microtype-pdftex.def 2019/11/18 v2.7d Definitions specific to pdftex (RS)

LaTeX Info: Redefining \lsstyle on input line 914.
LaTeX Info: Redefining \lslig on input line 914.
\MT@outer@space=\skip52
)
Package microtype Info: Loading configuration file microtype.cfg.

(c:/Users/u0095171/AppData/Roaming/TinyTeX/texmf-dist/tex/latex/microtype/micro
type.cfg
File: microtype.cfg 2019/11/18 v2.7d microtype main configuration file (RS)
))
(c:/Users/u0095171/AppData/Roaming/TinyTeX/texmf-dist/tex/latex/parskip/parskip
.sty
Package: parskip 2020-06-15 v2.0f non-zero parskip adjustments

(c:/Users/u0095171/AppData/Roaming/TinyTeX/texmf-dist/tex/latex/kvoptions/kvopt
ions.sty
Package: kvoptions 2020-10-07 v3.14 Key value format for package options (HO)

(c:/Users/u0095171/AppData/Roaming/TinyTeX/texmf-dist/tex/generic/ltxcmds/ltxcm
ds.sty
Package: ltxcmds 2020-05-10 v1.25 LaTeX kernel commands for general use (HO)
)
(c:/Users/u0095171/AppData/Roaming/TinyTeX/texmf-dist/tex/generic/kvsetkeys/kvs
etkeys.sty
Package: kvsetkeys 2019/12/15 v1.18 Key value parser (HO)
))
(c:/Users/u0095171/AppData/Roaming/TinyTeX/texmf-dist/tex/latex/etoolbox/etoolb
ox.sty
Package: etoolbox 2020/10/05 v2.5k e-TeX tools for LaTeX (JAW)
\etb@tempcnta=\count198
))
(c:/Users/u0095171/AppData/Roaming/TinyTeX/texmf-dist/tex/latex/xcolor/xcolor.s
ty
Package: xcolor 2016/05/11 v2.12 LaTeX color extensions (UK)

(c:/Users/u0095171/AppData/Roaming/TinyTeX/texmf-dist/tex/latex/graphics-cfg/co
lor.cfg
File: color.cfg 2016/01/02 v1.6 sample color configuration
)
Package xcolor Info: Driver file: pdftex.def on input line 225.

(c:/Users/u0095171/AppData/Roaming/TinyTeX/texmf-dist/tex/latex/graphics-def/pd
ftex.def
File: pdftex.def 2020/10/05 v1.2a Graphics/color driver for pdftex
)
Package xcolor Info: Model `cmy' substituted by `cmy0' on input line 1348.
Package xcolor Info: Model `hsb' substituted by `rgb' on input line 1352.
Package xcolor Info: Model `RGB' extended on input line 1364.
Package xcolor Info: Model `HTML' substituted by `rgb' on input line 1366.
Package xcolor Info: Model `Hsb' substituted by `hsb' on input line 1367.
Package xcolor Info: Model `tHsb' substituted by `hsb' on input line 1368.
Package xcolor Info: Model `HSB' substituted by `hsb' on input line 1369.
Package xcolor Info: Model `Gray' substituted by `gray' on input line 1370.
Package xcolor Info: Model `wave' substituted by `hsb' on input line 1371.
)
(c:/Users/u0095171/AppData/Roaming/TinyTeX/texmf-dist/tex/latex/hyperref/hyperr
ef.sty
Package: hyperref 2020-05-15 v7.00e Hypertext links for LaTeX

(c:/Users/u0095171/AppData/Roaming/TinyTeX/texmf-dist/tex/generic/pdftexcmds/pd
ftexcmds.sty
Package: pdftexcmds 2020-06-27 v0.33 Utility functions of pdfTeX for LuaTeX (HO
)

(c:/Users/u0095171/AppData/Roaming/TinyTeX/texmf-dist/tex/generic/infwarerr/inf
warerr.sty
Package: infwarerr 2019/12/03 v1.5 Providing info/warning/error messages (HO)
)
Package pdftexcmds Info: \pdf@primitive is available.
Package pdftexcmds Info: \pdf@ifprimitive is available.
Package pdftexcmds Info: \pdfdraftmode found.
)
(c:/Users/u0095171/AppData/Roaming/TinyTeX/texmf-dist/tex/generic/kvdefinekeys/
kvdefinekeys.sty
Package: kvdefinekeys 2019-12-19 v1.6 Define keys (HO)
)
(c:/Users/u0095171/AppData/Roaming/TinyTeX/texmf-dist/tex/generic/pdfescape/pdf
escape.sty
Package: pdfescape 2019/12/09 v1.15 Implements pdfTeX's escape features (HO)
)
(c:/Users/u0095171/AppData/Roaming/TinyTeX/texmf-dist/tex/latex/hycolor/hycolor
.sty
Package: hycolor 2020-01-27 v1.10 Color options for hyperref/bookmark (HO)
)
(c:/Users/u0095171/AppData/Roaming/TinyTeX/texmf-dist/tex/latex/letltxmacro/let
ltxmacro.sty
Package: letltxmacro 2019/12/03 v1.6 Let assignment for LaTeX macros (HO)
)
(c:/Users/u0095171/AppData/Roaming/TinyTeX/texmf-dist/tex/latex/auxhook/auxhook
.sty
Package: auxhook 2019-12-17 v1.6 Hooks for auxiliary files (HO)
)
\@linkdim=\dimen149
\Hy@linkcounter=\count199
\Hy@pagecounter=\count266

(c:/Users/u0095171/AppData/Roaming/TinyTeX/texmf-dist/tex/latex/hyperref/pd1enc
.def
File: pd1enc.def 2020-05-15 v7.00e Hyperref: PDFDocEncoding definition (HO)
Now handling font encoding PD1 ...
... no UTF-8 mapping file for font encoding PD1
)
(c:/Users/u0095171/AppData/Roaming/TinyTeX/texmf-dist/tex/generic/intcalc/intca
lc.sty
Package: intcalc 2019/12/15 v1.3 Expandable calculations with integers (HO)
)
(c:/Users/u0095171/AppData/Roaming/TinyTeX/texmf-dist/tex/generic/etexcmds/etex
cmds.sty
Package: etexcmds 2019/12/15 v1.7 Avoid name clashes with e-TeX commands (HO)
)
\Hy@SavedSpaceFactor=\count267
Package hyperref Info: Option `unicode' set `true' on input line 4338.

(c:/Users/u0095171/AppData/Roaming/TinyTeX/texmf-dist/tex/latex/hyperref/puenc.
def
File: puenc.def 2020-05-15 v7.00e Hyperref: PDF Unicode definition (HO)
Now handling font encoding PU ...
... no UTF-8 mapping file for font encoding PU
)
Package hyperref Info: Hyper figures OFF on input line 4464.
Package hyperref Info: Link nesting OFF on input line 4469.
Package hyperref Info: Hyper index ON on input line 4472.
Package hyperref Info: Plain pages OFF on input line 4479.
Package hyperref Info: Backreferencing OFF on input line 4484.
Package hyperref Info: Implicit mode ON; LaTeX internals redefined.
Package hyperref Info: Bookmarks ON on input line 4717.
\c@Hy@tempcnt=\count268
(c:/Users/u0095171/AppData/Roaming/TinyTeX/texmf-dist/tex/latex/url/url.sty
\Urlmuskip=\muskip17
Package: url 2013/09/16  ver 3.4  Verb mode for urls, etc.
)
LaTeX Info: Redefining \url on input line 5076.
\XeTeXLinkMargin=\dimen150

(c:/Users/u0095171/AppData/Roaming/TinyTeX/texmf-dist/tex/generic/bitset/bitset
.sty
Package: bitset 2019/12/09 v1.3 Handle bit-vector datatype (HO)

(c:/Users/u0095171/AppData/Roaming/TinyTeX/texmf-dist/tex/generic/bigintcalc/bi
gintcalc.sty
Package: bigintcalc 2019/12/15 v1.5 Expandable calculations on big integers (HO
)
))
\Fld@menulength=\count269
\Field@Width=\dimen151
\Fld@charsize=\dimen152
Package hyperref Info: Hyper figures OFF on input line 6347.
Package hyperref Info: Link nesting OFF on input line 6352.
Package hyperref Info: Hyper index ON on input line 6355.
Package hyperref Info: backreferencing OFF on input line 6362.
Package hyperref Info: Link coloring OFF on input line 6367.
Package hyperref Info: Link coloring with OCG OFF on input line 6372.
Package hyperref Info: PDF/A mode OFF on input line 6377.
LaTeX Info: Redefining \ref on input line 6417.
LaTeX Info: Redefining \pageref on input line 6421.

(c:/Users/u0095171/AppData/Roaming/TinyTeX/texmf-dist/tex/latex/base/atbegshi-l
tx.sty
Package: atbegshi-ltx 2020/08/17 v1.0a Emulation of the original atbegshi packa
ge
with kernel methods
)
\Hy@abspage=\count270
\c@Item=\count271
\c@Hfootnote=\count272
)
Package hyperref Info: Driver (autodetected): hpdftex.

(c:/Users/u0095171/AppData/Roaming/TinyTeX/texmf-dist/tex/latex/hyperref/hpdfte
x.def
File: hpdftex.def 2020-05-15 v7.00e Hyperref driver for pdfTeX

(c:/Users/u0095171/AppData/Roaming/TinyTeX/texmf-dist/tex/latex/base/atveryend-
ltx.sty
Package: atveryend-ltx 2020/08/19 v1.0a Emulation of the original atvery packag
e
with kernel methods
)
\Fld@listcount=\count273
\c@bookmark@seq@number=\count274

(c:/Users/u0095171/AppData/Roaming/TinyTeX/texmf-dist/tex/latex/rerunfilecheck/
rerunfilecheck.sty
Package: rerunfilecheck 2019/12/05 v1.9 Rerun checks for auxiliary files (HO)

(c:/Users/u0095171/AppData/Roaming/TinyTeX/texmf-dist/tex/generic/uniquecounter
/uniquecounter.sty
Package: uniquecounter 2019/12/15 v1.4 Provide unlimited unique counter (HO)
)
Package uniquecounter Info: New unique counter `rerunfilecheck' on input line 2
86.
)
\Hy@SectionHShift=\skip53
)
(c:/Users/u0095171/AppData/Roaming/TinyTeX/texmf-dist/tex/latex/fancyvrb/fancyv
rb.sty
Package: fancyvrb 2020/05/03 v3.6 verbatim text (tvz,hv)
\FV@CodeLineNo=\count275
\FV@InFile=\read2
\FV@TabBox=\box49
\c@FancyVerbLine=\count276
\FV@StepNumber=\count277
\FV@OutFile=\write3
)
(c:/Users/u0095171/AppData/Roaming/TinyTeX/texmf-dist/tex/latex/framed/framed.s
ty
Package: framed 2011/10/22 v 0.96: framed or shaded text with page breaks
\OuterFrameSep=\skip54
\fb@frw=\dimen153
\fb@frh=\dimen154
\FrameRule=\dimen155
\FrameSep=\dimen156
)
(c:/Users/u0095171/AppData/Roaming/TinyTeX/texmf-dist/tex/latex/tools/longtable
.sty
Package: longtable 2020/01/07 v4.13 Multi-page Table package (DPC)
\LTleft=\skip55
\LTright=\skip56
\LTpre=\skip57
\LTpost=\skip58
\LTchunksize=\count278
\LTcapwidth=\dimen157
\LT@head=\box50
\LT@firsthead=\box51
\LT@foot=\box52
\LT@lastfoot=\box53
\LT@cols=\count279
\LT@rows=\count280
\c@LT@tables=\count281
\c@LT@chunks=\count282
\LT@p@ftn=\toks25
)
(c:/Users/u0095171/AppData/Roaming/TinyTeX/texmf-dist/tex/latex/booktabs/bookta
bs.sty
Package: booktabs 2020/01/12 v1.61803398 Publication quality tables
\heavyrulewidth=\dimen158
\lightrulewidth=\dimen159
\cmidrulewidth=\dimen160
\belowrulesep=\dimen161
\belowbottomsep=\dimen162
\aboverulesep=\dimen163
\abovetopsep=\dimen164
\cmidrulesep=\dimen165
\cmidrulekern=\dimen166
\defaultaddspace=\dimen167
\@cmidla=\count283
\@cmidlb=\count284
\@aboverulesep=\dimen168
\@belowrulesep=\dimen169
\@thisruleclass=\count285
\@lastruleclass=\count286
\@thisrulewidth=\dimen170
)
(c:/Users/u0095171/AppData/Roaming/TinyTeX/texmf-dist/tex/latex/mdwtools/footno
te.sty
Package: footnote 1997/01/28 1.13 Save footnotes around boxes
\fn@notes=\box54
\fn@width=\dimen171
)
(c:/Users/u0095171/AppData/Roaming/TinyTeX/texmf-dist/tex/latex/graphics/graphi
cx.sty
Package: graphicx 2020/09/09 v1.2b Enhanced LaTeX Graphics (DPC,SPQR)

(c:/Users/u0095171/AppData/Roaming/TinyTeX/texmf-dist/tex/latex/graphics/graphi
cs.sty
Package: graphics 2020/08/30 v1.4c Standard LaTeX Graphics (DPC,SPQR)

(c:/Users/u0095171/AppData/Roaming/TinyTeX/texmf-dist/tex/latex/graphics/trig.s
ty
Package: trig 2016/01/03 v1.10 sin cos tan (DPC)
)
(c:/Users/u0095171/AppData/Roaming/TinyTeX/texmf-dist/tex/latex/graphics-cfg/gr
aphics.cfg
File: graphics.cfg 2016/06/04 v1.11 sample graphics configuration
)
Package graphics Info: Driver file: pdftex.def on input line 105.
)
\Gin@req@height=\dimen172
\Gin@req@width=\dimen173
)
(c:/Users/u0095171/AppData/Roaming/TinyTeX/texmf-dist/tex/latex/grffile/grffile
.sty
Package: grffile 2019/11/11 v2.1 Extended file name support for graphics (legac
y)
Package grffile Info: This package is an empty stub for compatibility on input 
line 40.
)
(c:/Users/u0095171/AppData/Roaming/TinyTeX/texmf-dist/tex/latex/l3backend/l3bac
kend-pdftex.def
File: l3backend-pdftex.def 2020-09-24 L3 backend support: PDF output (pdfTeX)
\l__kernel_color_stack_int=\count287
\l__pdf_internal_box=\box55
)
No file _main.aux.
\openout1 = `_main.aux'.

LaTeX Font Info:    Checking defaults for OML/cmm/m/it on input line 115.
LaTeX Font Info:    ... okay on input line 115.
LaTeX Font Info:    Checking defaults for OMS/cmsy/m/n on input line 115.
LaTeX Font Info:    ... okay on input line 115.
LaTeX Font Info:    Checking defaults for OT1/cmr/m/n on input line 115.
LaTeX Font Info:    ... okay on input line 115.
LaTeX Font Info:    Checking defaults for T1/cmr/m/n on input line 115.
LaTeX Font Info:    ... okay on input line 115.
LaTeX Font Info:    Checking defaults for TS1/cmr/m/n on input line 115.
LaTeX Font Info:    ... okay on input line 115.
LaTeX Font Info:    Checking defaults for OMX/cmex/m/n on input line 115.
LaTeX Font Info:    ... okay on input line 115.
LaTeX Font Info:    Checking defaults for U/cmr/m/n on input line 115.
LaTeX Font Info:    ... okay on input line 115.
LaTeX Font Info:    Checking defaults for PD1/pdf/m/n on input line 115.
LaTeX Font Info:    ... okay on input line 115.
LaTeX Font Info:    Checking defaults for PU/pdf/m/n on input line 115.
LaTeX Font Info:    ... okay on input line 115.
LaTeX Info: Redefining \microtypecontext on input line 115.
Package microtype Info: Generating PDF output.
Package microtype Info: Character protrusion enabled (level 2).
Package microtype Info: Using protrusion set `basicmath'.
Package microtype Info: Automatic font expansion enabled (level 2),
(microtype)             stretch: 20, shrink: 20, step: 1, non-selected.
Package microtype Info: Using default expansion set `basictext'.
LaTeX Info: Redefining \showhyphens on input line 115.
Package microtype Info: No adjustment of tracking.
Package microtype Info: No adjustment of interword spacing.
Package microtype Info: No adjustment of character kerning.

(c:/Users/u0095171/AppData/Roaming/TinyTeX/texmf-dist/tex/latex/microtype/mt-cm
r.cfg
File: mt-cmr.cfg 2013/05/19 v2.2 microtype config. file: Computer Modern Roman 
(RS)
)
(c:/Users/u0095171/AppData/Roaming/TinyTeX/texmf-dist/tex/latex/epstopdf-pkg/ep
stopdf-base.sty
Package: epstopdf-base 2020-01-24 v2.11 Base part for package epstopdf
Package epstopdf-base Info: Redefining graphics rule for `.eps' on input line 4
85.

(c:/Users/u0095171/AppData/Roaming/TinyTeX/texmf-dist/tex/latex/latexconfig/eps
topdf-sys.cfg
File: epstopdf-sys.cfg 2010/07/13 v1.3 Configuration of (r)epstopdf for TeX Liv
e
))
Package hyperref Info: Link coloring OFF on input line 115.

(c:/Users/u0095171/AppData/Roaming/TinyTeX/texmf-dist/tex/latex/hyperref/namere
f.sty
Package: nameref 2019/09/16 v2.46 Cross-referencing by name of section

(c:/Users/u0095171/AppData/Roaming/TinyTeX/texmf-dist/tex/latex/refcount/refcou
nt.sty
Package: refcount 2019/12/15 v3.6 Data extraction from label references (HO)
)
(c:/Users/u0095171/AppData/Roaming/TinyTeX/texmf-dist/tex/generic/gettitlestrin
g/gettitlestring.sty
Package: gettitlestring 2019/12/15 v1.6 Cleanup title references (HO)
)
\c@section@level=\count288
)
LaTeX Info: Redefining \ref on input line 115.
LaTeX Info: Redefining \pageref on input line 115.
LaTeX Info: Redefining \nameref on input line 115.
\@outlinefile=\write4
\openout4 = `_main.out'.

LaTeX Font Info:    Trying to load font information for OT1+lmr on input line 1
17.
(c:/Users/u0095171/AppData/Roaming/TinyTeX/texmf-dist/tex/latex/lm/ot1lmr.fd
File: ot1lmr.fd 2009/10/30 v1.6 Font defs for Latin Modern
)
LaTeX Font Info:    Trying to load font information for OML+lmm on input line 1
17.
(c:/Users/u0095171/AppData/Roaming/TinyTeX/texmf-dist/tex/latex/lm/omllmm.fd
File: omllmm.fd 2009/10/30 v1.6 Font defs for Latin Modern
)
LaTeX Font Info:    Trying to load font information for OMS+lmsy on input line 
117.
(c:/Users/u0095171/AppData/Roaming/TinyTeX/texmf-dist/tex/latex/lm/omslmsy.fd
File: omslmsy.fd 2009/10/30 v1.6 Font defs for Latin Modern
)
LaTeX Font Info:    Trying to load font information for OMX+lmex on input line 
117.
(c:/Users/u0095171/AppData/Roaming/TinyTeX/texmf-dist/tex/latex/lm/omxlmex.fd
File: omxlmex.fd 2009/10/30 v1.6 Font defs for Latin Modern
)
LaTeX Font Info:    External font `lmex10' loaded for size
(Font)              <12> on input line 117.
LaTeX Font Info:    External font `lmex10' loaded for size
(Font)              <8> on input line 117.
LaTeX Font Info:    External font `lmex10' loaded for size
(Font)              <6> on input line 117.
LaTeX Font Info:    Trying to load font information for U+msa on input line 117
.

(c:/Users/u0095171/AppData/Roaming/TinyTeX/texmf-dist/tex/latex/amsfonts/umsa.f
d
File: umsa.fd 2013/01/14 v3.01 AMS symbols A
)
(c:/Users/u0095171/AppData/Roaming/TinyTeX/texmf-dist/tex/latex/microtype/mt-ms
a.cfg
File: mt-msa.cfg 2006/02/04 v1.1 microtype config. file: AMS symbols (a) (RS)
)
LaTeX Font Info:    Trying to load font information for U+msb on input line 117
.

(c:/Users/u0095171/AppData/Roaming/TinyTeX/texmf-dist/tex/latex/amsfonts/umsb.f
d
File: umsb.fd 2013/01/14 v3.01 AMS symbols B
)
(c:/Users/u0095171/AppData/Roaming/TinyTeX/texmf-dist/tex/latex/microtype/mt-ms
b.cfg
File: mt-msb.cfg 2005/06/01 v1.0 microtype config. file: AMS symbols (b) (RS)
) [1


{c:/Users/u0095171/AppData/Roaming/TinyTeX/texmf-var/fonts/map/pdftex/updmap/pd
ftex.map}] [2

]
\tf@toc=\write5
\openout5 = `_main.toc'.

[3] [4

]
Chapter 1.
LaTeX Font Info:    Trying to load font information for TS1+lmr on input line 1
30.
(c:/Users/u0095171/AppData/Roaming/TinyTeX/texmf-dist/tex/latex/lm/ts1lmr.fd
File: ts1lmr.fd 2009/10/30 v1.6 Font defs for Latin Modern
)

LaTeX Warning: Reference `getting-started' on page 5 undefined on input line 13
0.


LaTeX Warning: Reference `objects-data-types' on page 5 undefined on input line
 132.


LaTeX Warning: Reference `started-with-data' on page 5 undefined on input line 
134.


LaTeX Warning: Reference `data-viz' on page 5 undefined on input line 136.


LaTeX Warning: Reference `data-wrangling' on page 5 undefined on input line 138
.


LaTeX Warning: Reference `probs' on page 5 undefined on input line 140.


LaTeX Warning: Reference `functions' on page 5 undefined on input line 142.


LaTeX Warning: Reference `optimization' on page 5 undefined on input line 144.


LaTeX Warning: Reference `lms' on page 5 undefined on input line 146.


LaTeX Warning: Reference `glms' on page 5 undefined on input line 146.


LaTeX Warning: Reference `biblio' on page 5 undefined on input line 148.

[5]

LaTeX Warning: Reference `fig:pipeline-figure' on page 6 undefined on input lin
e 200.

<images/tidy1.png, id=38, 307.8045pt x 120.888pt>
File: images/tidy1.png Graphic file (type png)
<use images/tidy1.png>
Package pdftex.def Info: images/tidy1.png  used on input line 204.
(pdftex.def)             Requested size: 307.81313pt x 120.89137pt.

Underfull \vbox (badness 1226) has occurred while \output is active []

[6 <./images/tidy1.png>]
LaTeX Font Info:    Trying to load font information for T1+lmtt on input line 2
50.
(c:/Users/u0095171/AppData/Roaming/TinyTeX/texmf-dist/tex/latex/lm/t1lmtt.fd
File: t1lmtt.fd 2009/10/30 v1.6 Font defs for Latin Modern
) [7] [8

]
Chapter 2.
<images/NYTimesR2009.jpg, id=74, 462.97969pt x 292.09125pt>
File: images/NYTimesR2009.jpg Graphic file (type jpg)
<use images/NYTimesR2009.jpg>
Package pdftex.def Info: images/NYTimesR2009.jpg  used on input line 288.
(pdftex.def)             Requested size: 463.02092pt x 292.11725pt.

Overfull \hbox (118.02092pt too wide) in paragraph at lines 288--288
 [] 
 []


Underfull \vbox (badness 1852) has occurred while \output is active []

[9] [10 <./images/NYTimesR2009.jpg>]
<images/rstudio.png, id=101, 1157.32375pt x 797.98125pt>
File: images/rstudio.png Graphic file (type png)
<use images/rstudio.png>
Package pdftex.def Info: images/rstudio.png  used on input line 373.
(pdftex.def)             Requested size: 344.99239pt x 237.87419pt.

Underfull \vbox (badness 1502) has occurred while \output is active []

[11] [12 <./images/rstudio.png>]

LaTeX Warning: Reference `data-viz' on page 13 undefined on input line 411.


LaTeX Warning: Reference `data-wrangling' on page 13 undefined on input line 41
3.


Underfull \vbox (badness 10000) has occurred while \output is active []

[13]
Overfull \hbox (9.19975pt too wide) in paragraph at lines 488--489
[]\T1/lmr/bx/n/10 Alternative way\T1/lmr/m/n/10 (-20) : In the Con-sole pane ru
n \T1/lmtt/m/n/10 install.packages("ggplot2")
 []

[14]
LaTeX Font Info:    Font shape `T1/lmtt/bx/n' in size <10> not available
(Font)              Font shape `T1/lmtt/b/n' tried instead on input line 502.
[15] [16

]
Chapter 3.
[17] [18]
Overfull \hbox (53.99884pt too wide) in paragraph at lines 687--687
[]\T1/lmtt/m/n/10 [1] "a"            "my_character" "my_date"      "my_logical"
   "my_numeric"[] 
 []

[19]
Overfull \hbox (69.7488pt too wide) in paragraph at lines 738--738
[] \T1/lmtt/m/n/10 [1]  0.0  0.5  1.0  1.5  2.0  2.5  3.0  3.5  4.0  4.5  5.0  
5.5  6.0  6.5  7.0[] 
 []

[20] [21] [22]
Overfull \hbox (11.99896pt too wide) in paragraph at lines 1058--1058
[]                   \T1/lmtt/m/n/10 mpg cyl disp  hp drat    wt  qsec vs am ge
ar carb[] 
 []


Overfull \hbox (11.99896pt too wide) in paragraph at lines 1058--1058
[]\T1/lmtt/m/n/10 Mazda RX4         21.0   6  160 110 3.90 2.620 16.46  0  1   
 4    4[] 
 []


Overfull \hbox (11.99896pt too wide) in paragraph at lines 1058--1058
[]\T1/lmtt/m/n/10 Mazda RX4 Wag     21.0   6  160 110 3.90 2.875 17.02  0  1   
 4    4[] 
 []


Overfull \hbox (11.99896pt too wide) in paragraph at lines 1058--1058
[]\T1/lmtt/m/n/10 Datsun 710        22.8   4  108  93 3.85 2.320 18.61  1  1   
 4    1[] 
 []


Overfull \hbox (11.99896pt too wide) in paragraph at lines 1058--1058
[]\T1/lmtt/m/n/10 Hornet 4 Drive    21.4   6  258 110 3.08 3.215 19.44  1  0   
 3    1[] 
 []


Overfull \hbox (11.99896pt too wide) in paragraph at lines 1058--1058
[]\T1/lmtt/m/n/10 Hornet Sportabout 18.7   8  360 175 3.15 3.440 17.02  0  0   
 3    2[] 
 []


Overfull \hbox (11.99896pt too wide) in paragraph at lines 1058--1058
[]\T1/lmtt/m/n/10 Valiant           18.1   6  225 105 2.76 3.460 20.22  1  0   
 3    1[] 
 []

[23] [24] [25] [26] [27] [28

]
Chapter 4.
LaTeX Font Info:    Font shape `T1/lmtt/bx/n' in size <12> not available
(Font)              Font shape `T1/lmtt/b/n' tried instead on input line 1431.
LaTeX Font Info:    External font `lmex10' loaded for size
(Font)              <10> on input line 1433.
LaTeX Font Info:    External font `lmex10' loaded for size
(Font)              <7> on input line 1433.
LaTeX Font Info:    External font `lmex10' loaded for size
(Font)              <5> on input line 1433.
[29]
Overfull \hbox (253.49826pt too wide) in paragraph at lines 1449--1449
[] \T1/lmtt/m/n/10 $ Name     : chr  "Acacia Ridge Leisure Centre" "Bellbowrie 
Pool" "Carole Park" "Centenary Pool (inner City)" ...[] 
 []


Overfull \hbox (547.4974pt too wide) in paragraph at lines 1449--1449
[] \T1/lmtt/m/n/10 $ Address  : chr  "1391 Beaudesert Road, Acacia Ridge" "Suga
rwood Street, Bellbowrie" "Cnr Boundary Road and Waterford Road Wacol" "400 Gre
gory Terrace, Spring Hill" ...[] 
 []


Overfull \hbox (253.49826pt too wide) in paragraph at lines 1466--1466
[] \T1/lmtt/m/n/10 $ Name     : chr  "Acacia Ridge Leisure Centre" "Bellbowrie 
Pool" "Carole Park" "Centenary Pool (inner City)" ...[] 
 []


Overfull \hbox (547.4974pt too wide) in paragraph at lines 1466--1466
[] \T1/lmtt/m/n/10 $ Address  : chr  "1391 Beaudesert Road, Acacia Ridge" "Suga
rwood Street, Bellbowrie" "Cnr Boundary Road and Waterford Road Wacol" "400 Gre
gory Terrace, Spring Hill" ...[] 
 []

[30]
Overfull \hbox (53.99884pt too wide) in paragraph at lines 1517--1517
[] \T1/lmtt/m/n/10 $ Date       : chr  "01/03/1980" "01/04/1980" "01/05/1980" "
01/07/1980" ...[] 
 []


Overfull \hbox (27.74892pt too wide) in paragraph at lines 1574--1574
[] \T1/lmtt/m/n/10 $ type  : Factor w/ 3 levels "Beef","Meat",..: 1 1 1 1 1 1 1
 1 1 1 ...[] 
 []

[31]
Overfull \hbox (148.49857pt too wide) in paragraph at lines 1612--1612
[]\T1/lmtt/m/n/10 in method for 'coerce' with signature '"character","myDate"':
 no definition for class "myDate"[] 
 []


Overfull \hbox (64.49881pt too wide) in paragraph at lines 1660--1660
[]  \T1/lmtt/m/n/10 numeropol  debut_pol    fin_pol freq_paiement langue  type_
prof alimentation[] 
 []


Overfull \hbox (64.49881pt too wide) in paragraph at lines 1660--1660
[]\T1/lmtt/m/n/10 1         3 14/09/1995 24/04/1996       mensuel      F Techni
cien   Végétarien[] 
 []


Overfull \hbox (64.49881pt too wide) in paragraph at lines 1660--1660
[]\T1/lmtt/m/n/10 2         3 25/04/1996 23/12/1996       mensuel      F Techni
cien   Végétarien[] 
 []


Overfull \hbox (64.49881pt too wide) in paragraph at lines 1660--1660
[]\T1/lmtt/m/n/10 3         6  1/03/1995 27/02/1996        annuel      A Techni
cien    Carnivore[] 
 []


Overfull \hbox (64.49881pt too wide) in paragraph at lines 1660--1660
[]\T1/lmtt/m/n/10 4         6  1/03/1996 14/01/1997        annuel      A Techni
cien    Carnivore[] 
 []


Overfull \hbox (64.49881pt too wide) in paragraph at lines 1660--1660
[]\T1/lmtt/m/n/10 5         6 15/01/1997 31/01/1997        annuel      A Techni
cien    Carnivore[] 
 []


Overfull \hbox (64.49881pt too wide) in paragraph at lines 1660--1660
[]\T1/lmtt/m/n/10 6         6  1/02/1997 28/02/1997        annuel      A Techni
cien    Carnivore[] 
 []


Overfull \hbox (69.7488pt too wide) in paragraph at lines 1660--1660
[]  \T1/lmtt/m/n/10 type_territoire         utilisation presence_alarme marque_
voiture sexe cout1[] 
 []


Overfull \hbox (69.7488pt too wide) in paragraph at lines 1660--1660
[]\T1/lmtt/m/n/10 1          Urbain   Travail-quotidien             non     VOL
KSWAGEN    F    NA[] 
 []


Overfull \hbox (69.7488pt too wide) in paragraph at lines 1660--1660
[]\T1/lmtt/m/n/10 2          Urbain   Travail-quotidien             non     VOL
KSWAGEN    F    NA[] 
 []


Overfull \hbox (69.7488pt too wide) in paragraph at lines 1660--1660
[]\T1/lmtt/m/n/10 3          Urbain Travail-occasionnel             oui        
 NISSAN    M 279.6[] 
 []


Overfull \hbox (69.7488pt too wide) in paragraph at lines 1660--1660
[]\T1/lmtt/m/n/10 4          Urbain Travail-occasionnel             oui        
 NISSAN    M    NA[] 
 []


Overfull \hbox (69.7488pt too wide) in paragraph at lines 1660--1660
[]\T1/lmtt/m/n/10 5          Urbain Travail-occasionnel             oui        
 NISSAN    M    NA[] 
 []


Overfull \hbox (69.7488pt too wide) in paragraph at lines 1660--1660
[]\T1/lmtt/m/n/10 6          Urbain Travail-occasionnel             oui        
 NISSAN    M    NA[] 
 []


Overfull \hbox (43.49887pt too wide) in paragraph at lines 1660--1660
[]  \T1/lmtt/m/n/10 cout2 cout3 cout4 nbsin exposition  cout age duree_permis a
nnee_vehicule[] 
 []


Overfull \hbox (43.49887pt too wide) in paragraph at lines 1660--1660
[]\T1/lmtt/m/n/10 1    NA    NA    NA     0    0.61096    NA  29           10  
         1989[] 
 []


Overfull \hbox (43.49887pt too wide) in paragraph at lines 1660--1660
[]\T1/lmtt/m/n/10 2    NA    NA    NA     0    0.66301    NA  30           11  
         1989[] 
 []


Overfull \hbox (43.49887pt too wide) in paragraph at lines 1660--1660
[]\T1/lmtt/m/n/10 3    NA    NA    NA     1    0.99452 279.6  42           21  
         1994[] 
 []

[32]
Overfull \hbox (43.49887pt too wide) in paragraph at lines 1660--1660
[]\T1/lmtt/m/n/10 4    NA    NA    NA     0    0.87397    NA  43           22  
         1994[] 
 []


Overfull \hbox (43.49887pt too wide) in paragraph at lines 1660--1660
[]\T1/lmtt/m/n/10 5    NA    NA    NA     0    0.04384    NA  44           23  
         1994[] 
 []


Overfull \hbox (43.49887pt too wide) in paragraph at lines 1660--1660
[]\T1/lmtt/m/n/10 6    NA    NA    NA     0    0.07397    NA  44           23  
         1994[] 
 []


Overfull \hbox (17.24895pt too wide) in paragraph at lines 1697--1697
[]      \T1/lmtt/m/n/10 numeropol  debut_pol    fin_pol freq_paiement langue  t
ype_prof[] 
 []


Overfull \hbox (17.24895pt too wide) in paragraph at lines 1697--1697
[]\T1/lmtt/m/n/10 39070     88942 31/03/2003 30/03/2004       mensuel      A   
Actuaire[] 
 []


Overfull \hbox (17.24895pt too wide) in paragraph at lines 1697--1697
[]\T1/lmtt/m/n/10 39071     88945 21/03/2003 20/03/2004        annuel      A Te
chnicien[] 
 []


Overfull \hbox (17.24895pt too wide) in paragraph at lines 1697--1697
[]\T1/lmtt/m/n/10 39072     88972 18/03/2003 17/03/2004       mensuel      F Te
chnicien[] 
 []


Overfull \hbox (17.24895pt too wide) in paragraph at lines 1697--1697
[]\T1/lmtt/m/n/10 39073     88981 19/03/2003 18/03/2004       mensuel      A Te
chnicien[] 
 []


Overfull \hbox (17.24895pt too wide) in paragraph at lines 1697--1697
[]\T1/lmtt/m/n/10 39074     88986 28/02/2004 27/02/2005       mensuel      A   
 Médecin[] 
 []


Overfull \hbox (17.24895pt too wide) in paragraph at lines 1697--1697
[]\T1/lmtt/m/n/10 39075     89009 24/03/2003 23/03/2004       mensuel      A Te
chnicien[] 
 []


Overfull \hbox (22.49893pt too wide) in paragraph at lines 1697--1697
[]      \T1/lmtt/m/n/10 alimentation type_territoire         utilisation presen
ce_alarme[] 
 []


Overfull \hbox (22.49893pt too wide) in paragraph at lines 1697--1697
[]\T1/lmtt/m/n/10 39070    Carnivore          Urbain Travail-occasionnel       
      oui[] 
 []


Overfull \hbox (22.49893pt too wide) in paragraph at lines 1697--1697
[]\T1/lmtt/m/n/10 39071   Végétalien          Urbain Travail-occasionnel       
      oui[] 
 []


Overfull \hbox (22.49893pt too wide) in paragraph at lines 1697--1697
[]\T1/lmtt/m/n/10 39072   Végétarien     Semi-urbain   Travail-quotidien       
      non[] 
 []


Overfull \hbox (22.49893pt too wide) in paragraph at lines 1697--1697
[]\T1/lmtt/m/n/10 39073   Végétalien          Urbain Travail-occasionnel       
      oui[] 
 []


Overfull \hbox (22.49893pt too wide) in paragraph at lines 1697--1697
[]\T1/lmtt/m/n/10 39074    Carnivore          Urbain   Travail-quotidien       
      oui[] 
 []


Overfull \hbox (22.49893pt too wide) in paragraph at lines 1697--1697
[]\T1/lmtt/m/n/10 39075   Végétarien          Urbain Travail-occasionnel       
      non[] 
 []


Overfull \hbox (48.74886pt too wide) in paragraph at lines 1697--1697
[]      \T1/lmtt/m/n/10 marque_voiture sexe cout1 cout2 cout3 cout4 nbsin expos
ition cout age[] 
 []


Overfull \hbox (48.74886pt too wide) in paragraph at lines 1697--1697
[]\T1/lmtt/m/n/10 39070            BMW    M    NA    NA    NA    NA     0      
    1   NA  45[] 
 []


Overfull \hbox (48.74886pt too wide) in paragraph at lines 1697--1697
[]\T1/lmtt/m/n/10 39071         TOYOTA    M    NA    NA    NA    NA     0      
    1   NA  24[] 
 []


Overfull \hbox (48.74886pt too wide) in paragraph at lines 1697--1697
[]\T1/lmtt/m/n/10 39072        PEUGEOT    M    NA    NA    NA    NA     0      
    1   NA  58[] 
 []


Overfull \hbox (48.74886pt too wide) in paragraph at lines 1697--1697
[]\T1/lmtt/m/n/10 39073         SUZUKI    F    NA    NA    NA    NA     0      
    1   NA  23[] 
 []


Overfull \hbox (48.74886pt too wide) in paragraph at lines 1697--1697
[]\T1/lmtt/m/n/10 39074           FIAT    M    NA    NA    NA    NA     0      
    1   NA  41[] 
 []


Overfull \hbox (48.74886pt too wide) in paragraph at lines 1697--1697
[]\T1/lmtt/m/n/10 39075         TOYOTA    M    NA    NA    NA    NA     0      
    1   NA  58[] 
 []


Overfull \hbox (64.49881pt too wide) in paragraph at lines 1729--1729
[] \T1/lmtt/m/n/10 $ debut_pol      : chr  "14/09/1995" "25/04/1996" "1/03/1995
" "1/03/1996" ...[] 
 []


Overfull \hbox (74.99878pt too wide) in paragraph at lines 1729--1729
[] \T1/lmtt/m/n/10 $ fin_pol        : chr  "24/04/1996" "23/12/1996" "27/02/199
6" "14/01/1997" ...[] 
 []


Overfull \hbox (1.499pt too wide) in paragraph at lines 1729--1729
[] \T1/lmtt/m/n/10 $ freq_paiement  : chr  "mensuel" "mensuel" "annuel" "annuel
" ...[] 
 []


Overfull \hbox (74.99878pt too wide) in paragraph at lines 1729--1729
[] \T1/lmtt/m/n/10 $ type_prof      : chr  "Technicien" "Technicien" "Technicie
n" "Technicien" ...[] 
 []


Overfull \hbox (64.49881pt too wide) in paragraph at lines 1729--1729
[] \T1/lmtt/m/n/10 $ alimentation   : chr  "Végétarien" "Végétarien" "Carnivore
" "Carnivore" ...[] 
 []


Overfull \hbox (242.99829pt too wide) in paragraph at lines 1729--1729
[] \T1/lmtt/m/n/10 $ utilisation    : chr  "Travail-quotidien" "Travail-quotidi
en" "Travail-occasionnel" "Travail-occasionnel" ...[] 
 []

[33]
Overfull \hbox (32.9989pt too wide) in paragraph at lines 1729--1729
[] \T1/lmtt/m/n/10 $ marque_voiture : chr  "VOLKSWAGEN" "VOLKSWAGEN" "NISSAN" "
NISSAN" ...[] 
 []


Overfull \hbox (64.49881pt too wide) in paragraph at lines 1729--1729
[] \T1/lmtt/m/n/10 $ annee_vehicule : int  1989 1989 1994 1994 1994 1994 1994 1
998 1998 1998 ...[] 
 []


Overfull \hbox (43.49887pt too wide) in paragraph at lines 1744--1744
[] \T1/lmtt/m/n/10 [1] "numeropol"       "debut_pol"       "fin_pol"         "f
req_paiement"[] 
 []


Overfull \hbox (53.99884pt too wide) in paragraph at lines 1744--1744
[] \T1/lmtt/m/n/10 [5] "langue"          "type_prof"       "alimentation"    "t
ype_territoire"[] 
 []


Overfull \hbox (1.499pt too wide) in paragraph at lines 1744--1744
[]\T1/lmtt/m/n/10 [13] "cout1"           "cout2"           "cout3"           "c
out4"[] 
 []

[34]
Underfull \vbox (badness 10000) has occurred while \output is active []

[35]
Overfull \hbox (38.24889pt too wide) in paragraph at lines 1889--1889
[]\T1/lmtt/m/n/10 [1] "policyId"    "claimId"     "rc"          "deductible"  "
claimAmount"[] 
 []

[36]
Overfull \hbox (64.49881pt too wide) in paragraph at lines 1942--1942
[] \T1/lmtt/m/n/10 $ country: chr [1:209] "Afghanistan" "Albania" "Algeria" "Am
erican Samoa" ...[] 
 []


Overfull \hbox (27.74892pt too wide) in paragraph at lines 1970--1970
[] \T1/lmtt/m/n/10 $ country: chr  "Afghanistan" "Albania" "Algeria" "American 
Samoa" ...[] 
 []

[37]
Overfull \hbox (80.24876pt too wide) in paragraph at lines 2041--2041
[]  \T1/lmtt/m/n/10 ..$ country: chr [1:209] "Afghanistan" "Albania" "Algeria" 
"American Samoa" ...[] 
 []


Overfull \hbox (80.24876pt too wide) in paragraph at lines 2041--2041
[]  \T1/lmtt/m/n/10 ..$ country: chr [1:209] "Afghanistan" "Albania" "Algeria" 
"American Samoa" ...[] 
 []


Overfull \hbox (80.24876pt too wide) in paragraph at lines 2041--2041
[]  \T1/lmtt/m/n/10 ..$ country: chr [1:209] "Afghanistan" "Albania" "Algeria" 
"American Samoa" ...[] 
 []


Overfull \hbox (6.74898pt too wide) in paragraph at lines 2041--2041
[]  \T1/lmtt/m/n/10 ..$ 1984   : num [1:209] 2795656 1006613 10091289 29062 432
07 ...[] 
 []


Overfull \hbox (6.74898pt too wide) in paragraph at lines 2041--2041
[]  \T1/lmtt/m/n/10 ..$ 1985   : num [1:209] 2903078 1037541 10600112 30524 451
19 ...[] 
 []

[38]
Overfull \hbox (6.74898pt too wide) in paragraph at lines 2041--2041
[]  \T1/lmtt/m/n/10 ..$ 1986   : num [1:209] 3006983 1072365 11101757 32014 462
54 ...[] 
 []


Overfull \hbox (6.74898pt too wide) in paragraph at lines 2041--2041
[]  \T1/lmtt/m/n/10 ..$ 1987   : num [1:209] 3113957 1109954 11609104 33548 470
19 ...[] 
 []


Overfull \hbox (6.74898pt too wide) in paragraph at lines 2041--2041
[]  \T1/lmtt/m/n/10 ..$ 1988   : num [1:209] 3224082 1146633 12122941 35095 476
69 ...[] 
 []


Overfull \hbox (6.74898pt too wide) in paragraph at lines 2041--2041
[]  \T1/lmtt/m/n/10 ..$ 1989   : num [1:209] 3337444 1177286 12645263 36618 485
77 ...[] 
 []


Overfull \hbox (6.74898pt too wide) in paragraph at lines 2041--2041
[]  \T1/lmtt/m/n/10 ..$ 1990   : num [1:209] 3454129 1198293 13177079 38088 499
82 ...[] 
 []


Overfull \hbox (6.74898pt too wide) in paragraph at lines 2041--2041
[]  \T1/lmtt/m/n/10 ..$ 1991   : num [1:209] 3617842 1215445 13708813 39600 519
72 ...[] 
 []


Overfull \hbox (6.74898pt too wide) in paragraph at lines 2041--2041
[]  \T1/lmtt/m/n/10 ..$ 1992   : num [1:209] 3788685 1222544 14248297 41049 544
69 ...[] 
 []


Overfull \hbox (6.74898pt too wide) in paragraph at lines 2041--2041
[]  \T1/lmtt/m/n/10 ..$ 1993   : num [1:209] 3966956 1222812 14789176 42443 570
79 ...[] 
 []


Overfull \hbox (6.74898pt too wide) in paragraph at lines 2041--2041
[]  \T1/lmtt/m/n/10 ..$ 1994   : num [1:209] 4152960 1221364 15322651 43798 592
43 ...[] 
 []


Overfull \hbox (6.74898pt too wide) in paragraph at lines 2041--2041
[]  \T1/lmtt/m/n/10 ..$ 1995   : num [1:209] 4347018 1222234 15842442 45129 605
98 ...[] 
 []


Overfull \hbox (6.74898pt too wide) in paragraph at lines 2041--2041
[]  \T1/lmtt/m/n/10 ..$ 1996   : num [1:209] 4531285 1228760 16395553 46343 609
27 ...[] 
 []


Overfull \hbox (6.74898pt too wide) in paragraph at lines 2041--2041
[]  \T1/lmtt/m/n/10 ..$ 1997   : num [1:209] 4722603 1238090 16935451 47527 604
62 ...[] 
 []


Overfull \hbox (6.74898pt too wide) in paragraph at lines 2041--2041
[]  \T1/lmtt/m/n/10 ..$ 1998   : num [1:209] 4921227 1250366 17469200 48705 596
85 ...[] 
 []


Overfull \hbox (6.74898pt too wide) in paragraph at lines 2041--2041
[]  \T1/lmtt/m/n/10 ..$ 1999   : num [1:209] 5127421 1265195 18007937 49906 592
81 ...[] 
 []


Overfull \hbox (6.74898pt too wide) in paragraph at lines 2041--2041
[]  \T1/lmtt/m/n/10 ..$ 2000   : num [1:209] 5341456 1282223 18560597 51151 597
19 ...[] 
 []


Overfull \hbox (6.74898pt too wide) in paragraph at lines 2041--2041
[]  \T1/lmtt/m/n/10 ..$ 2001   : num [1:209] 5564492 1315690 19198872 52341 610
62 ...[] 
 []


Overfull \hbox (6.74898pt too wide) in paragraph at lines 2041--2041
[]  \T1/lmtt/m/n/10 ..$ 2002   : num [1:209] 5795940 1352278 19854835 53583 632
12 ...[] 
 []


Overfull \hbox (6.74898pt too wide) in paragraph at lines 2041--2041
[]  \T1/lmtt/m/n/10 ..$ 2003   : num [1:209] 6036100 1391143 20529356 54864 658
02 ...[] 
 []


Overfull \hbox (6.74898pt too wide) in paragraph at lines 2041--2041
[]  \T1/lmtt/m/n/10 ..$ 2004   : num [1:209] 6285281 1430918 21222198 56166 683
01 ...[] 
 []


Overfull \hbox (6.74898pt too wide) in paragraph at lines 2041--2041
[]  \T1/lmtt/m/n/10 ..$ 2005   : num [1:209] 6543804 1470488 21932978 57474 703
29 ...[] 
 []


Overfull \hbox (6.74898pt too wide) in paragraph at lines 2041--2041
[]  \T1/lmtt/m/n/10 ..$ 2006   : num [1:209] 6812538 1512255 22625052 58679 717
26 ...[] 
 []


Overfull \hbox (6.74898pt too wide) in paragraph at lines 2041--2041
[]  \T1/lmtt/m/n/10 ..$ 2007   : num [1:209] 7091245 1553491 23335543 59894 726
84 ...[] 
 []


Overfull \hbox (6.74898pt too wide) in paragraph at lines 2041--2041
[]  \T1/lmtt/m/n/10 ..$ 2008   : num [1:209] 7380272 1594351 24061749 61118 733
35 ...[] 
 []


Overfull \hbox (6.74898pt too wide) in paragraph at lines 2041--2041
[]  \T1/lmtt/m/n/10 ..$ 2009   : num [1:209] 7679982 1635262 24799591 62357 738
97 ...[] 
 []


Overfull \hbox (6.74898pt too wide) in paragraph at lines 2041--2041
[]  \T1/lmtt/m/n/10 ..$ 2010   : num [1:209] 7990746 1676545 25545622 63616 745
25 ...[] 
 []


Overfull \hbox (6.74898pt too wide) in paragraph at lines 2041--2041
[]  \T1/lmtt/m/n/10 ..$ 2011   : num [1:209] 8316976 1716842 26216968 64817 752
07 ...[] 
 []

[39]
Overfull \hbox (6.74898pt too wide) in paragraph at lines 2090--2090
[]     \T1/lmtt/m/n/10 ...1                ...2               ...3             
  ...4[] 
 []


Overfull \hbox (43.49887pt too wide) in paragraph at lines 2090--2090
[] \T1/lmtt/m/n/10 Length:209         Min.   :3.38e+03   Min.   :1.03e+03   Min
.   :1.09e+03[] 
 []


Overfull \hbox (43.49887pt too wide) in paragraph at lines 2090--2090
[] \T1/lmtt/m/n/10 Class :character   1st Qu.:8.90e+04   1st Qu.:7.06e+04   1st
 Qu.:7.50e+04[] 
 []


Overfull \hbox (43.49887pt too wide) in paragraph at lines 2090--2090
[] \T1/lmtt/m/n/10 Mode  :character   Median :5.81e+05   Median :5.70e+05   Med
ian :5.94e+05[] 
 []


Overfull \hbox (43.49887pt too wide) in paragraph at lines 2090--2090
[]                    \T1/lmtt/m/n/10 Mean   :4.99e+06   Mean   :4.99e+06   Mea
n   :5.14e+06[] 
 []


Overfull \hbox (43.49887pt too wide) in paragraph at lines 2090--2090
[]                    \T1/lmtt/m/n/10 3rd Qu.:3.08e+06   3rd Qu.:2.81e+06   3rd
 Qu.:2.95e+06[] 
 []


Overfull \hbox (43.49887pt too wide) in paragraph at lines 2090--2090
[]                    \T1/lmtt/m/n/10 Max.   :1.26e+08   Max.   :1.29e+08   Max
.   :1.32e+08[] 
 []


Overfull \hbox (6.74898pt too wide) in paragraph at lines 2090--2090
[]      \T1/lmtt/m/n/10 ...5               ...6               ...7             
  ...8[] 
 []


Overfull \hbox (43.49887pt too wide) in paragraph at lines 2090--2090
[] \T1/lmtt/m/n/10 Min.   :1.15e+03   Min.   :1.22e+03   Min.   :1.28e+03   Min
.   :1.35e+03[] 
 []


Overfull \hbox (43.49887pt too wide) in paragraph at lines 2090--2090
[] \T1/lmtt/m/n/10 1st Qu.:8.19e+04   1st Qu.:8.50e+04   1st Qu.:8.86e+04   1st
 Qu.:9.36e+04[] 
 []


Overfull \hbox (43.49887pt too wide) in paragraph at lines 2090--2090
[] \T1/lmtt/m/n/10 Median :6.19e+05   Median :6.45e+05   Median :6.79e+05   Med
ian :7.35e+05[] 
 []


Overfull \hbox (43.49887pt too wide) in paragraph at lines 2090--2090
[] \T1/lmtt/m/n/10 Mean   :5.30e+06   Mean   :5.47e+06   Mean   :5.64e+06   Mea
n   :5.79e+06[] 
 []


Overfull \hbox (43.49887pt too wide) in paragraph at lines 2090--2090
[] \T1/lmtt/m/n/10 3rd Qu.:3.15e+06   3rd Qu.:3.30e+06   3rd Qu.:3.32e+06   3rd
 Qu.:3.42e+06[] 
 []


Overfull \hbox (43.49887pt too wide) in paragraph at lines 2090--2090
[] \T1/lmtt/m/n/10 Max.   :1.35e+08   Max.   :1.37e+08   Max.   :1.40e+08   Max
.   :1.42e+08[] 
 []


Overfull \hbox (17.24895pt too wide) in paragraph at lines 2116--2116
[]   \T1/lmtt/m/n/10 country            year_1960          year_1961          y
ear_1962[] 
 []


Overfull \hbox (43.49887pt too wide) in paragraph at lines 2116--2116
[] \T1/lmtt/m/n/10 Length:209         Min.   :3.38e+03   Min.   :1.03e+03   Min
.   :1.09e+03[] 
 []


Overfull \hbox (43.49887pt too wide) in paragraph at lines 2116--2116
[] \T1/lmtt/m/n/10 Class :character   1st Qu.:8.90e+04   1st Qu.:7.06e+04   1st
 Qu.:7.50e+04[] 
 []


Overfull \hbox (43.49887pt too wide) in paragraph at lines 2116--2116
[] \T1/lmtt/m/n/10 Mode  :character   Median :5.81e+05   Median :5.70e+05   Med
ian :5.94e+05[] 
 []


Overfull \hbox (43.49887pt too wide) in paragraph at lines 2116--2116
[]                    \T1/lmtt/m/n/10 Mean   :4.99e+06   Mean   :4.99e+06   Mea
n   :5.14e+06[] 
 []


Overfull \hbox (43.49887pt too wide) in paragraph at lines 2116--2116
[]                    \T1/lmtt/m/n/10 3rd Qu.:3.08e+06   3rd Qu.:2.81e+06   3rd
 Qu.:2.95e+06[] 
 []


Overfull \hbox (43.49887pt too wide) in paragraph at lines 2116--2116
[]                    \T1/lmtt/m/n/10 Max.   :1.26e+08   Max.   :1.29e+08   Max
.   :1.32e+08[] 
 []


Overfull \hbox (17.24895pt too wide) in paragraph at lines 2116--2116
[]   \T1/lmtt/m/n/10 year_1963          year_1964          year_1965          y
ear_1966[] 
 []


Overfull \hbox (43.49887pt too wide) in paragraph at lines 2116--2116
[] \T1/lmtt/m/n/10 Min.   :1.15e+03   Min.   :1.22e+03   Min.   :1.28e+03   Min
.   :1.35e+03[] 
 []


Overfull \hbox (43.49887pt too wide) in paragraph at lines 2116--2116
[] \T1/lmtt/m/n/10 1st Qu.:8.19e+04   1st Qu.:8.50e+04   1st Qu.:8.86e+04   1st
 Qu.:9.36e+04[] 
 []


Overfull \hbox (43.49887pt too wide) in paragraph at lines 2116--2116
[] \T1/lmtt/m/n/10 Median :6.19e+05   Median :6.45e+05   Median :6.79e+05   Med
ian :7.35e+05[] 
 []


Overfull \hbox (43.49887pt too wide) in paragraph at lines 2116--2116
[] \T1/lmtt/m/n/10 Mean   :5.30e+06   Mean   :5.47e+06   Mean   :5.64e+06   Mea
n   :5.79e+06[] 
 []


Overfull \hbox (43.49887pt too wide) in paragraph at lines 2116--2116
[] \T1/lmtt/m/n/10 3rd Qu.:3.15e+06   3rd Qu.:3.30e+06   3rd Qu.:3.32e+06   3rd
 Qu.:3.42e+06[] 
 []


Overfull \hbox (43.49887pt too wide) in paragraph at lines 2116--2116
[] \T1/lmtt/m/n/10 Max.   :1.35e+08   Max.   :1.37e+08   Max.   :1.40e+08   Max
.   :1.42e+08[] 
 []

[40]

LaTeX Warning: Reference `data-wrangling' on page 41 undefined on input line 21
28.


Overfull \hbox (17.24895pt too wide) in paragraph at lines 2156--2156
[] \T1/lmtt/m/n/10 $ Murder    : num  15.1 11.3 7.8 10.1 10.3 6.8 3.1 6.2 10.7 
13.9 ...[] 
 []


Overfull \hbox (27.74892pt too wide) in paragraph at lines 2156--2156
[] \T1/lmtt/m/n/10 $ HS.Grad   : num  41.3 66.7 58.1 39.9 62.6 63.9 56 54.6 52.
6 40.6 ...[] 
 []


Overfull \hbox (53.99884pt too wide) in paragraph at lines 2193--2193
[]           \T1/lmtt/m/n/10 Population Income Illiteracy Life.Exp Murder HS.Gr
ad Frost   Area[] 
 []


Overfull \hbox (53.99884pt too wide) in paragraph at lines 2193--2193
[]\T1/lmtt/m/n/10 Alabama          3615   3624        2.1    69.05   15.1    41
.3    20  50708[] 
 []

[41]
Overfull \hbox (53.99884pt too wide) in paragraph at lines 2193--2193
[]\T1/lmtt/m/n/10 Alaska            365   6315        1.5    69.31   11.3    66
.7   152 566432[] 
 []


Overfull \hbox (53.99884pt too wide) in paragraph at lines 2193--2193
[]\T1/lmtt/m/n/10 Arizona          2212   4530        1.8    70.55    7.8    58
.1    15 113417[] 
 []


Overfull \hbox (53.99884pt too wide) in paragraph at lines 2193--2193
[]\T1/lmtt/m/n/10 Arkansas         2110   3378        1.9    70.66   10.1    39
.9    65  51945[] 
 []


Overfull \hbox (53.99884pt too wide) in paragraph at lines 2193--2193
[]\T1/lmtt/m/n/10 California      21198   5114        1.1    71.71   10.3    62
.6    20 156361[] 
 []


Overfull \hbox (53.99884pt too wide) in paragraph at lines 2193--2193
[]\T1/lmtt/m/n/10 Colorado         2541   4884        0.7    72.06    6.8    63
.9   166 103766[] 
 []


Overfull \hbox (32.9989pt too wide) in paragraph at lines 2204--2204
[]        \T1/lmtt/m/n/10 Population Income Illiteracy Life.Exp Murder HS.Grad 
Frost  Area[] 
 []


Overfull \hbox (32.9989pt too wide) in paragraph at lines 2204--2204
[]\T1/lmtt/m/n/10 Indiana       5313   4458        0.7    70.88    7.1    52.9 
  122 36097[] 
 []


Overfull \hbox (74.99878pt too wide) in paragraph at lines 2226--2226
[] \T1/lmtt/m/n/10 [1]  20 152  15  65  20 166 139 103  11  60   0 126 127 122 
140 114  95  12 161[] 
 []


Overfull \hbox (74.99878pt too wide) in paragraph at lines 2226--2226
[]\T1/lmtt/m/n/10 [20] 101 103 125 160  50 108 155 139 188 174 115 120  82  80 
186 124  82  44 126[] 
 []


Overfull \hbox (74.99878pt too wide) in paragraph at lines 2238--2238
[] \T1/lmtt/m/n/10 [1]  20 152  15  65  20 166 139 103  11  60   0 126 127 122 
140 114  95  12 161[] 
 []


Overfull \hbox (74.99878pt too wide) in paragraph at lines 2238--2238
[]\T1/lmtt/m/n/10 [20] 101 103 125 160  50 108 155 139 188 174 115 120  82  80 
186 124  82  44 126[] 
 []


Overfull \hbox (1.499pt too wide) in paragraph at lines 2260--2260
[] \T1/lmtt/m/n/10 [6] West          Northeast     South         South         
South[] 
 []


Overfull \hbox (43.49887pt too wide) in paragraph at lines 2260--2260
[]\T1/lmtt/m/n/10 [11] West          West          North Central North Central 
North Central[] 
 []


Overfull \hbox (1.499pt too wide) in paragraph at lines 2260--2260
[]\T1/lmtt/m/n/10 [16] North Central South         South         Northeast     
South[] 
 []


Overfull \hbox (43.49887pt too wide) in paragraph at lines 2260--2260
[]\T1/lmtt/m/n/10 [21] Northeast     North Central North Central South         
North Central[] 
 []


Overfull \hbox (22.49893pt too wide) in paragraph at lines 2260--2260
[]\T1/lmtt/m/n/10 [26] West          North Central West          Northeast     
Northeast[] 
 []


Overfull \hbox (43.49887pt too wide) in paragraph at lines 2260--2260
[]\T1/lmtt/m/n/10 [31] West          Northeast     South         North Central 
North Central[] 
 []


Overfull \hbox (1.499pt too wide) in paragraph at lines 2260--2260
[]\T1/lmtt/m/n/10 [36] South         West          Northeast     Northeast     
South[] 
 []


Overfull \hbox (22.49893pt too wide) in paragraph at lines 2260--2260
[]\T1/lmtt/m/n/10 [41] North Central South         South         West          
Northeast[] 
 []

[42]
Overfull \hbox (17.24895pt too wide) in paragraph at lines 2291--2291
[] \T1/lmtt/m/n/10 $ Murder    : num  15.1 11.3 7.8 10.1 10.3 6.8 3.1 6.2 10.7 
13.9 ...[] 
 []


Overfull \hbox (27.74892pt too wide) in paragraph at lines 2291--2291
[] \T1/lmtt/m/n/10 $ HS.Grad   : num  41.3 66.7 58.1 39.9 62.6 63.9 56 54.6 52.
6 40.6 ...[] 
 []


Overfull \hbox (32.9989pt too wide) in paragraph at lines 2315--2315
[]       \T1/lmtt/m/n/10 Population Income Illiteracy Life.Exp Murder HS.Grad F
rost   Area[] 
 []


Overfull \hbox (32.9989pt too wide) in paragraph at lines 2315--2315
[]\T1/lmtt/m/n/10 Alaska        365   6315        1.5    69.31   11.3    66.7  
 152 566432[] 
 []


Overfull \hbox (53.99884pt too wide) in paragraph at lines 2327--2327
[]           \T1/lmtt/m/n/10 Population Income Illiteracy Life.Exp Murder HS.Gr
ad Frost   Area[] 
 []


Overfull \hbox (53.99884pt too wide) in paragraph at lines 2327--2327
[]\T1/lmtt/m/n/10 California      21198   5114        1.1    71.71   10.3    62
.6    20 156361[] 
 []


Overfull \hbox (53.99884pt too wide) in paragraph at lines 2346--2346
[] \T1/lmtt/m/n/10 [1]   365   376   472   579   590   637   681   746   812   
813   868   931[] 
 []


Overfull \hbox (53.99884pt too wide) in paragraph at lines 2346--2346
[]\T1/lmtt/m/n/10 [13]  1058  1144  1203  1544  1799  2110  2212  2280  2284  2
341  2541  2715[] 
 []


Overfull \hbox (53.99884pt too wide) in paragraph at lines 2346--2346
[]\T1/lmtt/m/n/10 [25]  2816  2861  3100  3387  3559  3615  3806  3921  4122  4
173  4589  4767[] 
 []


Overfull \hbox (53.99884pt too wide) in paragraph at lines 2346--2346
[]\T1/lmtt/m/n/10 [37]  4931  4981  5313  5441  5814  7333  8277  9111 10735 11
197 11860 12237[] 
 []

[43]
Overfull \hbox (64.49881pt too wide) in paragraph at lines 2364--2364
[]             \T1/lmtt/m/n/10 Population Income Illiteracy Life.Exp Murder HS.
Grad Frost   Area[] 
 []


Overfull \hbox (64.49881pt too wide) in paragraph at lines 2364--2364
[]\T1/lmtt/m/n/10 Alaska              365   6315        1.5    69.31   11.3    
66.7   152 566432[] 
 []


Overfull \hbox (64.49881pt too wide) in paragraph at lines 2364--2364
[]\T1/lmtt/m/n/10 Wyoming             376   4566        0.6    70.29    6.9    
62.9   173  97203[] 
 []


Overfull \hbox (64.49881pt too wide) in paragraph at lines 2364--2364
[]\T1/lmtt/m/n/10 Vermont             472   3907        0.6    71.64    5.5    
57.1   168   9267[] 
 []


Overfull \hbox (64.49881pt too wide) in paragraph at lines 2364--2364
[]\T1/lmtt/m/n/10 Delaware            579   4809        0.9    70.06    6.2    
54.6   103   1982[] 
 []


Overfull \hbox (64.49881pt too wide) in paragraph at lines 2364--2364
[]\T1/lmtt/m/n/10 Nevada              590   5149        0.5    69.03   11.5    
65.2   188 109889[] 
 []


Overfull \hbox (64.49881pt too wide) in paragraph at lines 2364--2364
[]\T1/lmtt/m/n/10 North Dakota        637   5087        0.8    72.78    1.4    
50.3   186  69273[] 
 []


Overfull \hbox (64.49881pt too wide) in paragraph at lines 2382--2382
[]             \T1/lmtt/m/n/10 Population Income Illiteracy Life.Exp Murder HS.
Grad Frost   Area[] 
 []


Overfull \hbox (64.49881pt too wide) in paragraph at lines 2382--2382
[]\T1/lmtt/m/n/10 South Dakota        681   4167        0.5    72.08    1.7    
53.3   172  75955[] 
 []


Overfull \hbox (64.49881pt too wide) in paragraph at lines 2382--2382
[]\T1/lmtt/m/n/10 Iowa               2861   4628        0.5    72.56    2.3    
59.0   140  55941[] 
 []


Overfull \hbox (64.49881pt too wide) in paragraph at lines 2382--2382
[]\T1/lmtt/m/n/10 Nevada              590   5149        0.5    69.03   11.5    
65.2   188 109889[] 
 []


Overfull \hbox (64.49881pt too wide) in paragraph at lines 2382--2382
[]\T1/lmtt/m/n/10 Vermont             472   3907        0.6    71.64    5.5    
57.1   168   9267[] 
 []


Overfull \hbox (64.49881pt too wide) in paragraph at lines 2382--2382
[]\T1/lmtt/m/n/10 Utah               1203   4022        0.6    72.90    4.5    
67.3   137  82096[] 
 []


Overfull \hbox (64.49881pt too wide) in paragraph at lines 2382--2382
[]\T1/lmtt/m/n/10 Idaho               813   4119        0.6    71.87    5.3    
59.5   126  82677[] 
 []


Overfull \hbox (59.24883pt too wide) in paragraph at lines 2400--2400
[]             \T1/lmtt/m/n/10 Population Income Illiteracy Life.Exp Murder HS.
Grad Frost  Area[] 
 []


Overfull \hbox (59.24883pt too wide) in paragraph at lines 2400--2400
[]\T1/lmtt/m/n/10 Hawaii              868   4963        1.9    73.60    6.2    
61.9     0  6425[] 
 []


Overfull \hbox (59.24883pt too wide) in paragraph at lines 2400--2400
[]\T1/lmtt/m/n/10 Minnesota          3921   4675        0.6    72.96    2.3    
57.6   160 79289[] 
 []


Overfull \hbox (59.24883pt too wide) in paragraph at lines 2400--2400
[]\T1/lmtt/m/n/10 Utah               1203   4022        0.6    72.90    4.5    
67.3   137 82096[] 
 []


Overfull \hbox (59.24883pt too wide) in paragraph at lines 2400--2400
[]\T1/lmtt/m/n/10 North Dakota        637   5087        0.8    72.78    1.4    
50.3   186 69273[] 
 []


Overfull \hbox (59.24883pt too wide) in paragraph at lines 2400--2400
[]\T1/lmtt/m/n/10 Nebraska           1544   4508        0.6    72.60    2.9    
59.3   139 76483[] 
 []


Overfull \hbox (59.24883pt too wide) in paragraph at lines 2400--2400
[]\T1/lmtt/m/n/10 Kansas             2280   4669        0.6    72.58    4.5    
59.9   114 81787[] 
 []


Overfull \hbox (43.49887pt too wide) in paragraph at lines 2419--2419
[] \T1/lmtt/m/n/10 $ id   : Factor w/ 12 levels "1","2","3","4",..: 1 2 3 4 5 6
 7 8 9 10 ...[] 
 []

[44] [45] [46]
Overfull \hbox (6.74898pt too wide) in paragraph at lines 2598--2598
[]  \T1/lmtt/m/n/10 carat cut       color clarity depth table price     x     y
     z[] 
 []


Overfull \hbox (6.74898pt too wide) in paragraph at lines 2598--2598
[]  \T1/lmtt/m/n/10 <dbl> <ord>     <ord> <ord>   <dbl> <dbl> <int> <dbl> <dbl>
 <dbl>[] 
 []


Overfull \hbox (6.74898pt too wide) in paragraph at lines 2598--2598
[]\T1/lmtt/m/n/10 1 0.23  Ideal     E     SI2      61.5    55   326  3.95  3.98
  2.43[] 
 []


Overfull \hbox (6.74898pt too wide) in paragraph at lines 2598--2598
[]\T1/lmtt/m/n/10 2 0.21  Premium   E     SI1      59.8    61   326  3.89  3.84
  2.31[] 
 []


Overfull \hbox (6.74898pt too wide) in paragraph at lines 2598--2598
[]\T1/lmtt/m/n/10 3 0.23  Good      E     VS1      56.9    65   327  4.05  4.07
  2.31[] 
 []


Overfull \hbox (6.74898pt too wide) in paragraph at lines 2598--2598
[]\T1/lmtt/m/n/10 4 0.290 Premium   I     VS2      62.4    58   334  4.2   4.23
  2.63[] 
 []


Overfull \hbox (6.74898pt too wide) in paragraph at lines 2598--2598
[]\T1/lmtt/m/n/10 5 0.31  Good      J     SI2      63.3    58   335  4.34  4.35
  2.75[] 
 []


Overfull \hbox (6.74898pt too wide) in paragraph at lines 2598--2598
[]\T1/lmtt/m/n/10 6 0.24  Very Good J     VVS2     62.8    57   336  3.94  3.96
  2.48[] 
 []

[47]
Overfull \hbox (22.49893pt too wide) in paragraph at lines 2679--2679
[]    \T1/lmtt/m/n/10 cut carat color clarity depth table price.x    x    y    
z price.y[] 
 []


Overfull \hbox (22.49893pt too wide) in paragraph at lines 2679--2679
[]\T1/lmtt/m/n/10 1 Ideal  0.23     E     SI2  61.5  55.0     326 3.95 3.98 2.4
3    3458[] 
 []


Overfull \hbox (22.49893pt too wide) in paragraph at lines 2679--2679
[]\T1/lmtt/m/n/10 2 Ideal  1.02     E     SI1  61.1  56.0    4675 6.51 6.45 3.9
6    3458[] 
 []


Overfull \hbox (22.49893pt too wide) in paragraph at lines 2679--2679
[]\T1/lmtt/m/n/10 3 Ideal  1.05     F     SI2  60.9  56.0    4675 6.64 6.56 4.0
2    3458[] 
 []


Overfull \hbox (22.49893pt too wide) in paragraph at lines 2679--2679
[]\T1/lmtt/m/n/10 4 Ideal  0.38     I     VS1  61.5  53.9     703 4.66 4.70 2.8
9    3458[] 
 []


Overfull \hbox (22.49893pt too wide) in paragraph at lines 2679--2679
[]\T1/lmtt/m/n/10 5 Ideal  0.30     E     VS1  62.5  54.0     703 4.27 4.32 2.6
9    3458[] 
 []


Overfull \hbox (22.49893pt too wide) in paragraph at lines 2679--2679
[]\T1/lmtt/m/n/10 6 Ideal  1.22     J     SI2  61.2  57.0    4676 6.86 6.90 4.2
1    3458[] 
 []


Overfull \hbox (6.74898pt too wide) in paragraph at lines 2697--2697
[]  \T1/lmtt/m/n/10 carat cut       color clarity depth table price     x     y
     z[] 
 []


Overfull \hbox (6.74898pt too wide) in paragraph at lines 2697--2697
[]  \T1/lmtt/m/n/10 <dbl> <ord>     <ord> <ord>   <dbl> <dbl> <int> <dbl> <dbl>
 <dbl>[] 
 []


Overfull \hbox (6.74898pt too wide) in paragraph at lines 2697--2697
[]\T1/lmtt/m/n/10 1 0.23  Ideal     E     SI2      61.5    55   326  3.95  3.98
  2.43[] 
 []


Overfull \hbox (6.74898pt too wide) in paragraph at lines 2697--2697
[]\T1/lmtt/m/n/10 2 0.21  Premium   E     SI1      59.8    61   326  3.89  3.84
  2.31[] 
 []


Overfull \hbox (6.74898pt too wide) in paragraph at lines 2697--2697
[]\T1/lmtt/m/n/10 3 0.23  Good      E     VS1      56.9    65   327  4.05  4.07
  2.31[] 
 []

[48]
Overfull \hbox (6.74898pt too wide) in paragraph at lines 2697--2697
[]\T1/lmtt/m/n/10 4 0.290 Premium   I     VS2      62.4    58   334  4.2   4.23
  2.63[] 
 []


Overfull \hbox (6.74898pt too wide) in paragraph at lines 2697--2697
[]\T1/lmtt/m/n/10 5 0.31  Good      J     SI2      63.3    58   335  4.34  4.35
  2.75[] 
 []


Overfull \hbox (6.74898pt too wide) in paragraph at lines 2697--2697
[]\T1/lmtt/m/n/10 6 0.24  Very Good J     VVS2     62.8    57   336  3.94  3.96
  2.48[] 
 []


Overfull \hbox (64.49881pt too wide) in paragraph at lines 2713--2713
[]            \T1/lmtt/m/n/10 cut carat color clarity depth table price.x    x 
   y    z price.y[] 
 []


Overfull \hbox (64.49881pt too wide) in paragraph at lines 2713--2713
[]\T1/lmtt/m/n/10 40249 Very Good  1.01     F     VS2  61.6    57    6773 6.39 
6.46 3.96    3982[] 
 []


Overfull \hbox (64.49881pt too wide) in paragraph at lines 2713--2713
[]\T1/lmtt/m/n/10 40250 Very Good  0.30     F    VVS1  61.8    55     783 4.32 
4.35 2.68    3982[] 
 []


Overfull \hbox (64.49881pt too wide) in paragraph at lines 2713--2713
[]\T1/lmtt/m/n/10 40251 Very Good  1.15     I     SI2  62.0    58    4405 6.69 
6.73 4.16    3982[] 
 []


Overfull \hbox (64.49881pt too wide) in paragraph at lines 2713--2713
[]\T1/lmtt/m/n/10 40252 Very Good  0.90     G     SI2  62.0    59    3445 6.14 
6.19 3.82    3982[] 
 []


Overfull \hbox (64.49881pt too wide) in paragraph at lines 2713--2713
[]\T1/lmtt/m/n/10 40253 Very Good  1.00     H    VVS2  62.6    56    6249 6.36 
6.39 3.99    3982[] 
 []


Overfull \hbox (64.49881pt too wide) in paragraph at lines 2713--2713
[]\T1/lmtt/m/n/10 40254 Very Good  0.36     E     VS2  62.1    59     789 4.55 
4.59 2.84    3982[] 
 []

[49]
Overfull \hbox (43.49887pt too wide) in paragraph at lines 2776--2776
[] \T1/lmtt/m/n/10 $ cut  : Ord.factor w/ 5 levels "Fair"<"Good"<..: 1 2 3 4 5 
1 2 3 4 5 ...[] 
 []


Overfull \hbox (53.99884pt too wide) in paragraph at lines 2776--2776
[] \T1/lmtt/m/n/10 $ color: Ord.factor w/ 7 levels "D"<"E"<"F"<"G"<..: 1 1 1 1 
1 2 2 2 2 2 ...[] 
 []

[50] [51]
Overfull \hbox (69.7488pt too wide) in paragraph at lines 2886--2886
[] \T1/lmtt/m/n/10 $ ethnicity : Factor w/ 3 levels "cauc","hispanic",..: 2 1 1
 1 1 1 1 1 1 1 ...[] 
 []


Overfull \hbox (43.49887pt too wide) in paragraph at lines 2886--2886
[] \T1/lmtt/m/n/10 $ region    : Factor w/ 2 levels "south","other": 2 2 2 2 2 
2 1 2 2 2 ...[] 
 []


Overfull \hbox (43.49887pt too wide) in paragraph at lines 2886--2886
[] \T1/lmtt/m/n/10 $ gender    : Factor w/ 2 levels "male","female": 2 2 1 1 1 
1 1 1 1 1 ...[] 
 []


Overfull \hbox (85.49875pt too wide) in paragraph at lines 2886--2886
[] \T1/lmtt/m/n/10 $ occupation: Factor w/ 6 levels "worker","technical",..: 1 
1 1 1 1 1 1 1 1 1 ...[] 
 []


Overfull \hbox (59.24883pt too wide) in paragraph at lines 2886--2886
[] \T1/lmtt/m/n/10 $ sector    : Factor w/ 3 levels "manufacturing",..: 1 1 1 3
 3 3 3 3 1 3 ...[] 
 []


Overfull \hbox (17.24895pt too wide) in paragraph at lines 2886--2886
[] \T1/lmtt/m/n/10 $ union     : Factor w/ 2 levels "no","yes": 1 1 1 1 1 2 1 1
 1 1 ...[] 
 []


Overfull \hbox (17.24895pt too wide) in paragraph at lines 2886--2886
[] \T1/lmtt/m/n/10 $ married   : Factor w/ 2 levels "no","yes": 2 2 1 1 2 1 1 1
 2 1 ...[] 
 []


Overfull \hbox (22.49893pt too wide) in paragraph at lines 2909--2909
[]      \T1/lmtt/m/n/10 wage education experience age ethnicity region gender o
ccupation[] 
 []


Overfull \hbox (22.49893pt too wide) in paragraph at lines 2909--2909
[]\T1/lmtt/m/n/10 1     5.10         8         21  35  hispanic  other female  
   worker[] 
 []


Overfull \hbox (22.49893pt too wide) in paragraph at lines 2909--2909
[]\T1/lmtt/m/n/10 1100  4.95         9         42  57      cauc  other female  
   worker[] 
 []


Overfull \hbox (22.49893pt too wide) in paragraph at lines 2909--2909
[]\T1/lmtt/m/n/10 2     6.67        12          1  19      cauc  other   male  
   worker[] 
 []


Overfull \hbox (22.49893pt too wide) in paragraph at lines 2909--2909
[]\T1/lmtt/m/n/10 3     4.00        12          4  22      cauc  other   male  
   worker[] 
 []


Overfull \hbox (22.49893pt too wide) in paragraph at lines 2909--2909
[]\T1/lmtt/m/n/10 4     7.50        12         17  35      cauc  other   male  
   worker[] 
 []


Overfull \hbox (22.49893pt too wide) in paragraph at lines 2909--2909
[]\T1/lmtt/m/n/10 5    13.07        13          9  28      cauc  other   male  
   worker[] 
 []

[52]
<_main_files/figure-latex/unnamed-chunk-44-1.pdf, id=376, 433.62pt x 289.08pt>
File: _main_files/figure-latex/unnamed-chunk-44-1.pdf Graphic file (type pdf)
<use _main_files/figure-latex/unnamed-chunk-44-1.pdf>
Package pdftex.def Info: _main_files/figure-latex/unnamed-chunk-44-1.pdf  used 
on input line 3021.
(pdftex.def)             Requested size: 345.01738pt x 230.01158pt.
<_main_files/figure-latex/unnamed-chunk-44-2.pdf, id=377, 433.62pt x 289.08pt>
File: _main_files/figure-latex/unnamed-chunk-44-2.pdf Graphic file (type pdf)
<use _main_files/figure-latex/unnamed-chunk-44-2.pdf>
Package pdftex.def Info: _main_files/figure-latex/unnamed-chunk-44-2.pdf  used 
on input line 3030.
(pdftex.def)             Requested size: 345.01738pt x 230.01158pt.
[53 <./_main_files/figure-latex/unnamed-chunk-44-1.pdf>]
Overfull \hbox (11.99896pt too wide) in paragraph at lines 3050--3050
[] \T1/lmtt/m/n/10 Factor w/ 6 levels "worker","technical",..: 1 1 1 1 1 1 1 1 
1 1 ...[] 
 []

[54 <./_main_files/figure-latex/unnamed-chunk-44-2.pdf>]
<_main_files/figure-latex/unnamed-chunk-47-1.pdf, id=401, 433.62pt x 289.08pt>
File: _main_files/figure-latex/unnamed-chunk-47-1.pdf Graphic file (type pdf)
<use _main_files/figure-latex/unnamed-chunk-47-1.pdf>
Package pdftex.def Info: _main_files/figure-latex/unnamed-chunk-47-1.pdf  used 
on input line 3117.
(pdftex.def)             Requested size: 345.01738pt x 230.01158pt.
<_main_files/figure-latex/unnamed-chunk-47-2.pdf, id=402, 433.62pt x 289.08pt>
File: _main_files/figure-latex/unnamed-chunk-47-2.pdf Graphic file (type pdf)
<use _main_files/figure-latex/unnamed-chunk-47-2.pdf>
Package pdftex.def Info: _main_files/figure-latex/unnamed-chunk-47-2.pdf  used 
on input line 3125.
(pdftex.def)             Requested size: 345.01738pt x 230.01158pt.

Underfull \vbox (badness 10000) has occurred while \output is active []

[55 <./_main_files/figure-latex/unnamed-chunk-47-1.pdf>]
<_main_files/figure-latex/unnamed-chunk-47-3.pdf, id=413, 433.62pt x 289.08pt>
File: _main_files/figure-latex/unnamed-chunk-47-3.pdf Graphic file (type pdf)
<use _main_files/figure-latex/unnamed-chunk-47-3.pdf>
Package pdftex.def Info: _main_files/figure-latex/unnamed-chunk-47-3.pdf  used 
on input line 3133.
(pdftex.def)             Requested size: 345.01738pt x 230.01158pt.

Underfull \vbox (badness 10000) has occurred while \output is active []

[56 <./_main_files/figure-latex/unnamed-chunk-47-2.pdf> <./_main_files/figure-l
atex/unnamed-chunk-47-3.pdf>]
<_main_files/figure-latex/unnamed-chunk-48-1.pdf, id=429, 433.62pt x 289.08pt>
File: _main_files/figure-latex/unnamed-chunk-48-1.pdf Graphic file (type pdf)
<use _main_files/figure-latex/unnamed-chunk-48-1.pdf>
Package pdftex.def Info: _main_files/figure-latex/unnamed-chunk-48-1.pdf  used 
on input line 3191.
(pdftex.def)             Requested size: 345.01738pt x 230.01158pt.

Underfull \vbox (badness 1005) has occurred while \output is active []

[57 <./_main_files/figure-latex/unnamed-chunk-48-1.pdf>]
<_main_files/figure-latex/unnamed-chunk-50-1.pdf, id=440, 433.62pt x 289.08pt>
File: _main_files/figure-latex/unnamed-chunk-50-1.pdf Graphic file (type pdf)
<use _main_files/figure-latex/unnamed-chunk-50-1.pdf>
Package pdftex.def Info: _main_files/figure-latex/unnamed-chunk-50-1.pdf  used 
on input line 3253.
(pdftex.def)             Requested size: 345.01738pt x 230.01158pt.

Underfull \vbox (badness 10000) has occurred while \output is active []

[58]
<_main_files/figure-latex/unnamed-chunk-50-2.pdf, id=447, 433.62pt x 289.08pt>
File: _main_files/figure-latex/unnamed-chunk-50-2.pdf Graphic file (type pdf)
<use _main_files/figure-latex/unnamed-chunk-50-2.pdf>
Package pdftex.def Info: _main_files/figure-latex/unnamed-chunk-50-2.pdf  used 
on input line 3261.
(pdftex.def)             Requested size: 345.01738pt x 230.01158pt.

Underfull \vbox (badness 4036) detected at line 3270
 []


Underfull \vbox (badness 1248) has occurred while \output is active []

[59 <./_main_files/figure-latex/unnamed-chunk-50-1.pdf> <./_main_files/figure-l
atex/unnamed-chunk-50-2.pdf>]
<_main_files/figure-latex/unnamed-chunk-50-3.pdf, id=462, 433.62pt x 289.08pt>
File: _main_files/figure-latex/unnamed-chunk-50-3.pdf Graphic file (type pdf)
<use _main_files/figure-latex/unnamed-chunk-50-3.pdf>
Package pdftex.def Info: _main_files/figure-latex/unnamed-chunk-50-3.pdf  used 
on input line 3272.
(pdftex.def)             Requested size: 345.01738pt x 230.01158pt.
pdfTeX warning (ext4): destination with the same identifier (name{exercises}) h
as been already used, duplicate ignored
<to be read again> 
                   \relax 
l.3284 \section{Exercises}\label{exercises}}
                                            

! LaTeX Error: Environment learncheck undefined.

See the LaTeX manual or LaTeX Companion for explanation.
Type  H <return>  for immediate help.
 ...                                              
                                                  
l.3286 \begin{learncheck}
                          
Here is how much of TeX's memory you used:
 12922 strings out of 481865
 195487 string characters out of 5929310
 517556 words of memory out of 5000000
 28722 multiletter control sequences out of 15000+600000
 610451 words of font info for 133 fonts, out of 8000000 for 9000
 14 hyphenation exceptions out of 8191
 60i,6n,66p,624b,476s stack positions out of 5000i,500n,10000p,200000b,80000s

!  ==> Fatal error occurred, no output PDF file produced!
